[2020-11-09 14:30:55] local.ERROR: The "C:\xampp\htdocs\athenaerp\resources\views" directory does not exist. {"exception":"[object] (Symfony\\Component\\Finder\\Exception\\DirectoryNotFoundException(code: 0): The \"C:\\xampp\\htdocs\\athenaerp\esources\\views\" directory does not exist. at /var/www/athenaerp/vendor/symfony/finder/Finder.php:589)
[stacktrace]
#0 /var/www/athenaerp/vendor/laravel/framework/src/Illuminate/Foundation/Console/ViewCacheCommand.php(67): Symfony\\Component\\Finder\\Finder->in(Array)
#1 /var/www/athenaerp/vendor/laravel/framework/src/Illuminate/Foundation/Console/ViewCacheCommand.php(36): Illuminate\\Foundation\\Console\\ViewCacheCommand->bladeFilesIn(Array)
#2 /var/www/athenaerp/vendor/laravel/framework/src/Illuminate/Collections/Traits/EnumeratesValues.php(230): Illuminate\\Foundation\\Console\\ViewCacheCommand->Illuminate\\Foundation\\Console\\{closure}('C:\\\\xampp\\\\htdocs...', 0)
#3 /var/www/athenaerp/vendor/laravel/framework/src/Illuminate/Foundation/Console/ViewCacheCommand.php(37): Illuminate\\Support\\Collection->each(Object(Closure))
#4 [internal function]: Illuminate\\Foundation\\Console\\ViewCacheCommand->handle()
#5 /var/www/athenaerp/vendor/laravel/framework/src/Illuminate/Container/BoundMethod.php(37): call_user_func_array(Array, Array)
#6 /var/www/athenaerp/vendor/laravel/framework/src/Illuminate/Container/Util.php(40): Illuminate\\Container\\BoundMethod::Illuminate\\Container\\{closure}()
#7 /var/www/athenaerp/vendor/laravel/framework/src/Illuminate/Container/BoundMethod.php(95): Illuminate\\Container\\Util::unwrapIfClosure(Object(Closure))
#8 /var/www/athenaerp/vendor/laravel/framework/src/Illuminate/Container/BoundMethod.php(39): Illuminate\\Container\\BoundMethod::callBoundMethod(Object(Illuminate\\Foundation\\Application), Array, Object(Closure))
#9 /var/www/athenaerp/vendor/laravel/framework/src/Illuminate/Container/Container.php(596): Illuminate\\Container\\BoundMethod::call(Object(Illuminate\\Foundation\\Application), Array, Array, NULL)
#10 /var/www/athenaerp/vendor/laravel/framework/src/Illuminate/Console/Command.php(136): Illuminate\\Container\\Container->call(Array)
#11 /var/www/athenaerp/vendor/symfony/console/Command/Command.php(258): Illuminate\\Console\\Command->execute(Object(Symfony\\Component\\Console\\Input\\ArrayInput), Object(Illuminate\\Console\\OutputStyle))
#12 /var/www/athenaerp/vendor/laravel/framework/src/Illuminate/Console/Command.php(121): Symfony\\Component\\Console\\Command\\Command->run(Object(Symfony\\Component\\Console\\Input\\ArrayInput), Object(Illuminate\\Console\\OutputStyle))
#13 /var/www/athenaerp/vendor/laravel/framework/src/Illuminate/Console/Concerns/CallsCommands.php(56): Illuminate\\Console\\Command->run(Object(Symfony\\Component\\Console\\Input\\ArrayInput), Object(Illuminate\\Console\\OutputStyle))
#14 /var/www/athenaerp/vendor/laravel/framework/src/Illuminate/Console/Concerns/CallsCommands.php(28): Illuminate\\Console\\Command->runCommand('view:cache', Array, Object(Illuminate\\Console\\OutputStyle))
#15 /var/www/athenaerp/vendor/laravel/framework/src/Illuminate/Foundation/Console/OptimizeCommand.php(32): Illuminate\\Console\\Command->call('view:cache')
#16 [internal function]: Illuminate\\Foundation\\Console\\OptimizeCommand->handle()
#17 /var/www/athenaerp/vendor/laravel/framework/src/Illuminate/Container/BoundMethod.php(37): call_user_func_array(Array, Array)
#18 /var/www/athenaerp/vendor/laravel/framework/src/Illuminate/Container/Util.php(40): Illuminate\\Container\\BoundMethod::Illuminate\\Container\\{closure}()
#19 /var/www/athenaerp/vendor/laravel/framework/src/Illuminate/Container/BoundMethod.php(95): Illuminate\\Container\\Util::unwrapIfClosure(Object(Closure))
#20 /var/www/athenaerp/vendor/laravel/framework/src/Illuminate/Container/BoundMethod.php(39): Illuminate\\Container\\BoundMethod::callBoundMethod(Object(Illuminate\\Foundation\\Application), Array, Object(Closure))
#21 /var/www/athenaerp/vendor/laravel/framework/src/Illuminate/Container/Container.php(596): Illuminate\\Container\\BoundMethod::call(Object(Illuminate\\Foundation\\Application), Array, Array, NULL)
#22 /var/www/athenaerp/vendor/laravel/framework/src/Illuminate/Console/Command.php(136): Illuminate\\Container\\Container->call(Array)
#23 /var/www/athenaerp/vendor/symfony/console/Command/Command.php(258): Illuminate\\Console\\Command->execute(Object(Symfony\\Component\\Console\\Input\\ArgvInput), Object(Illuminate\\Console\\OutputStyle))
#24 /var/www/athenaerp/vendor/laravel/framework/src/Illuminate/Console/Command.php(121): Symfony\\Component\\Console\\Command\\Command->run(Object(Symfony\\Component\\Console\\Input\\ArgvInput), Object(Illuminate\\Console\\OutputStyle))
#25 /var/www/athenaerp/vendor/symfony/console/Application.php(920): Illuminate\\Console\\Command->run(Object(Symfony\\Component\\Console\\Input\\ArgvInput), Object(Symfony\\Component\\Console\\Output\\ConsoleOutput))
#26 /var/www/athenaerp/vendor/symfony/console/Application.php(266): Symfony\\Component\\Console\\Application->doRunCommand(Object(Illuminate\\Foundation\\Console\\OptimizeCommand), Object(Symfony\\Component\\Console\\Input\\ArgvInput), Object(Symfony\\Component\\Console\\Output\\ConsoleOutput))
#27 /var/www/athenaerp/vendor/symfony/console/Application.php(142): Symfony\\Component\\Console\\Application->doRun(Object(Symfony\\Component\\Console\\Input\\ArgvInput), Object(Symfony\\Component\\Console\\Output\\ConsoleOutput))
#28 /var/www/athenaerp/vendor/laravel/framework/src/Illuminate/Console/Application.php(93): Symfony\\Component\\Console\\Application->run(Object(Symfony\\Component\\Console\\Input\\ArgvInput), Object(Symfony\\Component\\Console\\Output\\ConsoleOutput))
#29 /var/www/athenaerp/vendor/laravel/framework/src/Illuminate/Foundation/Console/Kernel.php(129): Illuminate\\Console\\Application->run(Object(Symfony\\Component\\Console\\Input\\ArgvInput), Object(Symfony\\Component\\Console\\Output\\ConsoleOutput))
#30 /var/www/athenaerp/artisan(37): Illuminate\\Foundation\\Console\\Kernel->handle(Object(Symfony\\Component\\Console\\Input\\ArgvInput), Object(Symfony\\Component\\Console\\Output\\ConsoleOutput))
#31 {main}
"} 
