[2020-11-16 15:24:12] local.ERROR: Erroneous data format for unserializing 'Symfony\Component\Routing\CompiledRoute' {"exception":"[object] (ErrorException(code: 0): Erroneous data format for unserializing 'Symfony\\Component\\Routing\\CompiledRoute' at /var/www/athenaerp/bootstrap/cache/routes.php:15)
[stacktrace]
#0 [internal function]: Illuminate\\Foundation\\Bootstrap\\HandleExceptions->handleError(2, 'Erroneous data ...', '/var/www/athena...', 15, Array)
#1 /var/www/athenaerp/bootstrap/cache/routes.php(15): unserialize('O:34:\"Illuminat...')
#2 /var/www/athenaerp/vendor/laravel/framework/src/Illuminate/Foundation/Support/Providers/RouteServiceProvider.php(65): require('/var/www/athena...')
#3 [internal function]: Illuminate\\Foundation\\Support\\Providers\\RouteServiceProvider->Illuminate\\Foundation\\Support\\Providers\\{closure}(Object(Illuminate\\Foundation\\Application))
#4 /var/www/athenaerp/vendor/laravel/framework/src/Illuminate/Foundation/Application.php(858): call_user_func(Object(Closure), Object(Illuminate\\Foundation\\Application))
#5 /var/www/athenaerp/vendor/laravel/framework/src/Illuminate/Foundation/Application.php(807): Illuminate\\Foundation\\Application->fireAppCallbacks(Array)
#6 /var/www/athenaerp/vendor/laravel/framework/src/Illuminate/Foundation/Bootstrap/BootProviders.php(17): Illuminate\\Foundation\\Application->boot()
#7 /var/www/athenaerp/vendor/laravel/framework/src/Illuminate/Foundation/Application.php(211): Illuminate\\Foundation\\Bootstrap\\BootProviders->bootstrap(Object(Illuminate\\Foundation\\Application))
#8 /var/www/athenaerp/vendor/laravel/framework/src/Illuminate/Foundation/Console/Kernel.php(297): Illuminate\\Foundation\\Application->bootstrapWith(Array)
#9 /var/www/athenaerp/vendor/laravel/framework/src/Illuminate/Foundation/Console/Kernel.php(120): Illuminate\\Foundation\\Console\\Kernel->bootstrap()
#10 /var/www/athenaerp/artisan(37): Illuminate\\Foundation\\Console\\Kernel->handle(Object(Symfony\\Component\\Console\\Input\\ArgvInput), Object(Symfony\\Component\\Console\\Output\\ConsoleOutput))
#11 {main}
"} 
[2020-11-16 15:24:43] local.ERROR: Command "optmize" is not defined.

Did you mean one of these?
    optimize
    optimize:clear {"exception":"[object] (Symfony\\Component\\Console\\Exception\\CommandNotFoundException(code: 0): Command \"optmize\" is not defined.

Did you mean one of these?
    optimize
    optimize:clear at /var/www/athenaerp/vendor/symfony/console/Application.php:676)
[stacktrace]
#0 /var/www/athenaerp/vendor/symfony/console/Application.php(237): Symfony\\Component\\Console\\Application->find('optmize')
#1 /var/www/athenaerp/vendor/symfony/console/Application.php(149): Symfony\\Component\\Console\\Application->doRun(Object(Symfony\\Component\\Console\\Input\\ArgvInput), Object(Symfony\\Component\\Console\\Output\\ConsoleOutput))
#2 /var/www/athenaerp/vendor/laravel/framework/src/Illuminate/Console/Application.php(89): Symfony\\Component\\Console\\Application->run(Object(Symfony\\Component\\Console\\Input\\ArgvInput), Object(Symfony\\Component\\Console\\Output\\ConsoleOutput))
#3 /var/www/athenaerp/vendor/laravel/framework/src/Illuminate/Foundation/Console/Kernel.php(122): Illuminate\\Console\\Application->run(Object(Symfony\\Component\\Console\\Input\\ArgvInput), Object(Symfony\\Component\\Console\\Output\\ConsoleOutput))
#4 /var/www/athenaerp/artisan(37): Illuminate\\Foundation\\Console\\Kernel->handle(Object(Symfony\\Component\\Console\\Input\\ArgvInput), Object(Symfony\\Component\\Console\\Output\\ConsoleOutput))
#5 {main}
"} 
[2020-11-16 15:24:57] local.ERROR: Command "optmize" is not defined.

Did you mean one of these?
    optimize
    optimize:clear {"exception":"[object] (Symfony\\Component\\Console\\Exception\\CommandNotFoundException(code: 0): Command \"optmize\" is not defined.

Did you mean one of these?
    optimize
    optimize:clear at /var/www/athenaerp/vendor/symfony/console/Application.php:676)
[stacktrace]
#0 /var/www/athenaerp/vendor/symfony/console/Application.php(237): Symfony\\Component\\Console\\Application->find('optmize')
#1 /var/www/athenaerp/vendor/symfony/console/Application.php(149): Symfony\\Component\\Console\\Application->doRun(Object(Symfony\\Component\\Console\\Input\\ArgvInput), Object(Symfony\\Component\\Console\\Output\\ConsoleOutput))
#2 /var/www/athenaerp/vendor/laravel/framework/src/Illuminate/Console/Application.php(89): Symfony\\Component\\Console\\Application->run(Object(Symfony\\Component\\Console\\Input\\ArgvInput), Object(Symfony\\Component\\Console\\Output\\ConsoleOutput))
#3 /var/www/athenaerp/vendor/laravel/framework/src/Illuminate/Foundation/Console/Kernel.php(122): Illuminate\\Console\\Application->run(Object(Symfony\\Component\\Console\\Input\\ArgvInput), Object(Symfony\\Component\\Console\\Output\\ConsoleOutput))
#4 /var/www/athenaerp/artisan(37): Illuminate\\Foundation\\Console\\Kernel->handle(Object(Symfony\\Component\\Console\\Input\\ArgvInput), Object(Symfony\\Component\\Console\\Output\\ConsoleOutput))
#5 {main}
"} 
